MeetlyLiveStreamingKotlinCode/app/build/intermediates/manifest_merge_blame_file/debug/manifest-merger-blame-debug-report.txt
1<?xml version="1.0" encoding="utf-8"?>
2<manifest xmlns:android="http://schemas.android.com/apk/res/android"
3    package="aculix.meetly.app"
4    android:versionCode="6"
5    android:versionName="1.13" >
6
7    <uses-sdk
8        android:minSdkVersion="21"
8-->src\main\AndroidManifest.xml
9        android:targetSdkVersion="29" />
9-->src\main\AndroidManifest.xml
10
11    <uses-permission android:name="android.permission.ACCESS_NETWORK_STATE" />
11-->[com.firebaseui:firebase-ui-auth:6.2.1] AndroidManifest.xml:12:5-79
11-->[com.firebaseui:firebase-ui-auth:6.2.1] AndroidManifest.xml:12:22-76
12    <uses-permission android:name="android.permission.INTERNET" />
12-->[com.firebaseui:firebase-ui-auth:6.2.1] AndroidManifest.xml:13:5-67
12-->[com.firebaseui:firebase-ui-auth:6.2.1] AndroidManifest.xml:13:22-64
13    <uses-permission android:name="android.permission.BLUETOOTH" />
13-->[org.jitsi.react:jitsi-meet-sdk:2.9.0] AndroidManifest.xml:10:5-68
13-->[org.jitsi.react:jitsi-meet-sdk:2.9.0] AndroidManifest.xml:10:22-65
14    <uses-permission android:name="android.permission.CAMERA" />
14-->[org.jitsi.react:jitsi-meet-sdk:2.9.0] AndroidManifest.xml:11:5-65
14-->[org.jitsi.react:jitsi-meet-sdk:2.9.0] AndroidManifest.xml:11:22-62
15    <uses-permission android:name="android.permission.MANAGE_OWN_CALLS" />
15-->[org.jitsi.react:jitsi-meet-sdk:2.9.0] AndroidManifest.xml:13:5-75
15-->[org.jitsi.react:jitsi-meet-sdk:2.9.0] AndroidManifest.xml:13:22-72
16    <uses-permission android:name="android.permission.MODIFY_AUDIO_SETTINGS" />
16-->[org.jitsi.react:jitsi-meet-sdk:2.9.0] AndroidManifest.xml:14:5-80
16-->[org.jitsi.react:jitsi-meet-sdk:2.9.0] AndroidManifest.xml:14:22-77
17    <uses-permission android:name="android.permission.RECORD_AUDIO" />
17-->[org.jitsi.react:jitsi-meet-sdk:2.9.0] AndroidManifest.xml:15:5-71
17-->[org.jitsi.react:jitsi-meet-sdk:2.9.0] AndroidManifest.xml:15:22-68
18    <uses-permission android:name="android.permission.SYSTEM_ALERT_WINDOW" />
18-->[org.jitsi.react:jitsi-meet-sdk:2.9.0] AndroidManifest.xml:16:5-78
18-->[org.jitsi.react:jitsi-meet-sdk:2.9.0] AndroidManifest.xml:16:22-75
19    <uses-permission android:name="android.permission.WAKE_LOCK" />
19-->[org.jitsi.react:jitsi-meet-sdk:2.9.0] AndroidManifest.xml:17:5-68
19-->[org.jitsi.react:jitsi-meet-sdk:2.9.0] AndroidManifest.xml:17:22-65
20    <uses-permission android:name="android.permission.ACCESS_WIFI_STATE" />
20-->[org.jitsi.react:jitsi-meet-sdk:2.9.0] AndroidManifest.xml:18:5-76
20-->[org.jitsi.react:jitsi-meet-sdk:2.9.0] AndroidManifest.xml:18:22-73
21    <uses-permission android:name="android.permission.FOREGROUND_SERVICE" />
21-->[org.jitsi.react:jitsi-meet-sdk:2.9.0] AndroidManifest.xml:19:5-77
21-->[org.jitsi.react:jitsi-meet-sdk:2.9.0] AndroidManifest.xml:19:22-74
22
23    <uses-feature
23-->[org.jitsi.react:jitsi-meet-sdk:2.9.0] AndroidManifest.xml:21:5-23:35
24        android:glEsVersion="0x00020000"
24-->[org.jitsi.react:jitsi-meet-sdk:2.9.0] AndroidManifest.xml:22:9-41
25        android:required="true" />
25-->[org.jitsi.react:jitsi-meet-sdk:2.9.0] AndroidManifest.xml:23:9-32
26    <uses-feature
26-->[org.jitsi.react:jitsi-meet-sdk:2.9.0] AndroidManifest.xml:24:5-26:36
27        android:name="android.hardware.camera"
27-->[org.jitsi.react:jitsi-meet-sdk:2.9.0] AndroidManifest.xml:25:9-47
28        android:required="false" />
28-->[org.jitsi.react:jitsi-meet-sdk:2.9.0] AndroidManifest.xml:26:9-33
29    <uses-feature
29-->[org.jitsi.react:jitsi-meet-sdk:2.9.0] AndroidManifest.xml:27:5-29:36
30        android:name="android.hardware.camera.autofocus"
30-->[org.jitsi.react:jitsi-meet-sdk:2.9.0] AndroidManifest.xml:28:9-57
31        android:required="false" />
31-->[org.jitsi.react:jitsi-meet-sdk:2.9.0] AndroidManifest.xml:29:9-33
32
33    <uses-permission android:name="android.permission.WRITE_CALENDAR" />
33-->[com.facebook.react:react-native-calendar-events:2.0.0-jitsi-4429568] AndroidManifest.xml:11:5-73
33-->[com.facebook.react:react-native-calendar-events:2.0.0-jitsi-4429568] AndroidManifest.xml:11:22-70
34    <uses-permission android:name="android.permission.READ_CALENDAR" />
34-->[com.facebook.react:react-native-calendar-events:2.0.0-jitsi-4429568] AndroidManifest.xml:12:5-72
34-->[com.facebook.react:react-native-calendar-events:2.0.0-jitsi-4429568] AndroidManifest.xml:12:22-69
35    <uses-permission android:name="com.google.android.finsky.permission.BIND_GET_INSTALL_REFERRER_SERVICE" /> <!-- Required by older versions of Google Play services to create IID tokens -->
35-->[com.google.android.gms:play-services-measurement:17.4.3] AndroidManifest.xml:26:5-110
35-->[com.google.android.gms:play-services-measurement:17.4.3] AndroidManifest.xml:26:22-107
36    <uses-permission android:name="com.google.android.c2dm.permission.RECEIVE" />
36-->[com.google.firebase:firebase-iid:20.1.5] AndroidManifest.xml:26:5-82
36-->[com.google.firebase:firebase-iid:20.1.5] AndroidManifest.xml:26:22-79
37
38    <application
38-->src\main\AndroidManifest.xml:6:5-67:19
39        android:name="aculix.meetly.app.Meetly"
39-->src\main\AndroidManifest.xml:7:9-31
40        android:allowBackup="true"
40-->src\main\AndroidManifest.xml:8:9-35
41        android:appComponentFactory="androidx.core.app.CoreComponentFactory"
41-->[androidx.core:core:1.3.0] AndroidManifest.xml:24:18-86
42        android:debuggable="true"
43        android:icon="@mipmap/ic_launcher"
43-->src\main\AndroidManifest.xml:9:9-43
44        android:label="@string/app_name"
44-->src\main\AndroidManifest.xml:10:9-41
45        android:roundIcon="@mipmap/ic_launcher_round"
45-->src\main\AndroidManifest.xml:11:9-54
46        android:supportsRtl="true"
46-->src\main\AndroidManifest.xml:12:9-35
47        android:testOnly="true"
48        android:theme="@style/AppTheme" >
48-->src\main\AndroidManifest.xml:13:9-40
49        <activity android:name="aculix.meetly.app.activity.VerifyMobileActivity" />
49-->src\main\AndroidManifest.xml:15:9-76
49-->src\main\AndroidManifest.xml:15:19-64
50        <activity android:name="aculix.meetly.app.activity.VerifyEmailActivity" >
50-->src\main\AndroidManifest.xml:16:9-18:20
50-->src\main\AndroidManifest.xml:16:19-63
51        </activity>
52        <activity android:name="aculix.meetly.app.activity.ChangePasswordActivity" />
52-->src\main\AndroidManifest.xml:19:9-69
52-->src\main\AndroidManifest.xml:19:19-66
53        <activity android:name="aculix.meetly.app.activity.ProfileActivity" >
53-->src\main\AndroidManifest.xml:20:9-22:20
53-->src\main\AndroidManifest.xml:20:19-59
54        </activity>
55        <activity android:name="aculix.meetly.app.activity.TestActivity" />
55-->src\main\AndroidManifest.xml:23:9-59
55-->src\main\AndroidManifest.xml:23:19-56
56        <activity android:name="aculix.meetly.app.activity.LoginActivity" />
56-->src\main\AndroidManifest.xml:24:9-60
56-->src\main\AndroidManifest.xml:24:19-57
57        <activity android:name="aculix.meetly.app.activity.RegistrationActivity" />
57-->src\main\AndroidManifest.xml:25:9-67
57-->src\main\AndroidManifest.xml:25:19-64
58        <activity
58-->src\main\AndroidManifest.xml:26:9-35:20
59            android:name="aculix.meetly.app.activity.SplashActivity"
59-->src\main\AndroidManifest.xml:27:13-52
60            android:screenOrientation="portrait"
60-->src\main\AndroidManifest.xml:28:13-49
61            android:theme="@style/AppTheme.Splash" >
61-->src\main\AndroidManifest.xml:29:13-51
62            <intent-filter>
62-->src\main\AndroidManifest.xml:30:13-34:29
63                <action android:name="android.intent.action.MAIN" />
63-->src\main\AndroidManifest.xml:31:17-69
63-->src\main\AndroidManifest.xml:31:25-66
64
65                <category android:name="android.intent.category.LAUNCHER" />
65-->src\main\AndroidManifest.xml:33:17-77
65-->src\main\AndroidManifest.xml:33:27-74
66            </intent-filter>
67        </activity>
68        <activity
68-->src\main\AndroidManifest.xml:36:9-38:52
69            android:name="aculix.meetly.app.activity.AppIntroActivity"
69-->src\main\AndroidManifest.xml:37:13-54
70            android:screenOrientation="portrait" />
70-->src\main\AndroidManifest.xml:38:13-49
71        <activity
71-->src\main\AndroidManifest.xml:39:9-41:52
72            android:name="aculix.meetly.app.activity.AuthenticationActivity"
72-->src\main\AndroidManifest.xml:40:13-60
73            android:screenOrientation="portrait" />
73-->src\main\AndroidManifest.xml:41:13-49
74        <activity
74-->src\main\AndroidManifest.xml:42:9-55:20
75            android:name="aculix.meetly.app.activity.MainActivity"
75-->src\main\AndroidManifest.xml:43:13-50
76            android:screenOrientation="portrait" >
76-->src\main\AndroidManifest.xml:44:13-49
77            <intent-filter>
77-->src\main\AndroidManifest.xml:45:13-54:29
78                <action android:name="android.intent.action.VIEW" />
78-->src\main\AndroidManifest.xml:46:17-69
78-->src\main\AndroidManifest.xml:46:25-66
79
80                <category android:name="android.intent.category.DEFAULT" />
80-->src\main\AndroidManifest.xml:48:17-76
80-->src\main\AndroidManifest.xml:48:27-73
81                <category android:name="android.intent.category.BROWSABLE" />
81-->src\main\AndroidManifest.xml:49:17-78
81-->src\main\AndroidManifest.xml:49:27-75
82
83                <data
83-->src\main\AndroidManifest.xml:51:17-53:46
84                    android:host="@string/app_deep_link_domain"
84-->src\main\AndroidManifest.xml:52:21-64
85                    android:scheme="https" />
85-->src\main\AndroidManifest.xml:53:21-43
86            </intent-filter>
87        </activity>
88        <activity
88-->src\main\AndroidManifest.xml:56:9-59:52
89            android:name="aculix.meetly.app.activity.MeetingHistoryActivity"
89-->src\main\AndroidManifest.xml:57:13-60
90            android:parentActivityName="aculix.meetly.app.activity.MainActivity"
90-->src\main\AndroidManifest.xml:58:13-64
91            android:screenOrientation="portrait" />
91-->src\main\AndroidManifest.xml:59:13-49
92        <activity
92-->src\main\AndroidManifest.xml:60:9-63:52
93            android:name="aculix.meetly.app.activity.FaqsActivity"
93-->src\main\AndroidManifest.xml:61:13-50
94            android:parentActivityName="aculix.meetly.app.activity.MainActivity"
94-->src\main\AndroidManifest.xml:62:13-64
95            android:screenOrientation="portrait" /> <!-- Admob -->
95-->src\main\AndroidManifest.xml:63:13-49
96        <meta-data
96-->src\main\AndroidManifest.xml:64:9-66:52
97            android:name="com.google.android.gms.ads.APPLICATION_ID"
97-->src\main\AndroidManifest.xml:65:13-69
98            android:value="@string/admob_app_id" />
98-->src\main\AndroidManifest.xml:66:13-49
99
100        <service
100-->[com.google.firebase:firebase-dynamic-links-ktx:19.1.0] AndroidManifest.xml:25:9-31:19
101            android:name="com.google.firebase.components.ComponentDiscoveryService"
101-->[com.google.firebase:firebase-dynamic-links-ktx:19.1.0] AndroidManifest.xml:26:13-84
102            android:directBootAware="true"
102-->[com.google.firebase:firebase-common:19.3.0] AndroidManifest.xml:34:13-43
103            android:exported="false" >
103-->[com.google.firebase:firebase-dynamic-links-ktx:19.1.0] AndroidManifest.xml:27:13-37
104            <meta-data
104-->[com.google.firebase:firebase-dynamic-links-ktx:19.1.0] AndroidManifest.xml:28:13-30:85
105                android:name="com.google.firebase.components:com.google.firebase.dynamiclinks.ktx.FirebaseDynamicLinksRegistrar"
105-->[com.google.firebase:firebase-dynamic-links-ktx:19.1.0] AndroidManifest.xml:29:17-129
106                android:value="com.google.firebase.components.ComponentRegistrar" />
106-->[com.google.firebase:firebase-dynamic-links-ktx:19.1.0] AndroidManifest.xml:30:17-82
107            <meta-data
107-->[com.google.firebase:firebase-common-ktx:19.3.0] AndroidManifest.xml:15:13-17:85
108                android:name="com.google.firebase.components:com.google.firebase.ktx.FirebaseCommonKtxRegistrar"
108-->[com.google.firebase:firebase-common-ktx:19.3.0] AndroidManifest.xml:16:17-113
109                android:value="com.google.firebase.components.ComponentRegistrar" />
109-->[com.google.firebase:firebase-common-ktx:19.3.0] AndroidManifest.xml:17:17-82
110            <meta-data
110-->[com.google.firebase:firebase-auth:19.3.0] AndroidManifest.xml:36:13-38:85
111                android:name="com.google.firebase.components:com.google.firebase.auth.FirebaseAuthRegistrar"
111-->[com.google.firebase:firebase-auth:19.3.0] AndroidManifest.xml:37:17-109
112                android:value="com.google.firebase.components.ComponentRegistrar" />
112-->[com.google.firebase:firebase-auth:19.3.0] AndroidManifest.xml:38:17-82
113            <meta-data
113-->[com.google.android.gms:play-services-measurement-api:17.4.3] AndroidManifest.xml:30:13-32:85
114                android:name="com.google.firebase.components:com.google.firebase.analytics.connector.internal.AnalyticsConnectorRegistrar"
114-->[com.google.android.gms:play-services-measurement-api:17.4.3] AndroidManifest.xml:31:17-139
115                android:value="com.google.firebase.components.ComponentRegistrar" />
115-->[com.google.android.gms:play-services-measurement-api:17.4.3] AndroidManifest.xml:32:17-82
116            <meta-data
116-->[com.google.firebase:firebase-dynamic-links:19.1.0] AndroidManifest.xml:9:13-11:85
117                android:name="com.google.firebase.components:com.google.firebase.dynamiclinks.internal.FirebaseDynamicLinkRegistrar"
117-->[com.google.firebase:firebase-dynamic-links:19.1.0] AndroidManifest.xml:10:17-133
118                android:value="com.google.firebase.components.ComponentRegistrar" />
118-->[com.google.firebase:firebase-dynamic-links:19.1.0] AndroidManifest.xml:11:17-82
119            <meta-data
119-->[com.google.firebase:firebase-iid:20.1.5] AndroidManifest.xml:32:13-34:85
120                android:name="com.google.firebase.components:com.google.firebase.iid.Registrar"
120-->[com.google.firebase:firebase-iid:20.1.5] AndroidManifest.xml:33:17-96
121                android:value="com.google.firebase.components.ComponentRegistrar" />
121-->[com.google.firebase:firebase-iid:20.1.5] AndroidManifest.xml:34:17-82
122            <meta-data
122-->[com.google.firebase:firebase-installations:16.2.1] AndroidManifest.xml:17:13-19:85
123                android:name="com.google.firebase.components:com.google.firebase.installations.FirebaseInstallationsRegistrar"
123-->[com.google.firebase:firebase-installations:16.2.1] AndroidManifest.xml:18:17-127
124                android:value="com.google.firebase.components.ComponentRegistrar" />
124-->[com.google.firebase:firebase-installations:16.2.1] AndroidManifest.xml:19:17-82
125        </service>
126
127        <meta-data
127-->[com.firebaseui:firebase-ui-auth:6.2.1] AndroidManifest.xml:16:9-18:69
128            android:name="com.google.android.gms.version"
128-->[com.firebaseui:firebase-ui-auth:6.2.1] AndroidManifest.xml:17:13-58
129            android:value="@integer/google_play_services_version" />
129-->[com.firebaseui:firebase-ui-auth:6.2.1] AndroidManifest.xml:18:13-66
130        <meta-data
130-->[com.firebaseui:firebase-ui-auth:6.2.1] AndroidManifest.xml:19:9-21:63
131            android:name="com.facebook.sdk.ApplicationId"
131-->[com.firebaseui:firebase-ui-auth:6.2.1] AndroidManifest.xml:20:13-58
132            android:value="@string/facebook_application_id" />
132-->[com.firebaseui:firebase-ui-auth:6.2.1] AndroidManifest.xml:21:13-60
133
134        <activity
134-->[com.firebaseui:firebase-ui-auth:6.2.1] AndroidManifest.xml:23:9-27:61
135            android:name="com.firebase.ui.auth.KickoffActivity"
135-->[com.firebaseui:firebase-ui-auth:6.2.1] AndroidManifest.xml:24:13-64
136            android:exported="false"
136-->[com.firebaseui:firebase-ui-auth:6.2.1] AndroidManifest.xml:25:13-37
137            android:label=""
137-->[com.firebaseui:firebase-ui-auth:6.2.1] AndroidManifest.xml:26:13-29
138            android:theme="@style/FirebaseUI.Transparent" />
138-->[com.firebaseui:firebase-ui-auth:6.2.1] AndroidManifest.xml:27:13-58
139        <activity
139-->[com.firebaseui:firebase-ui-auth:6.2.1] AndroidManifest.xml:28:9-32:61
140            android:name="com.firebase.ui.auth.ui.idp.SingleSignInActivity"
140-->[com.firebaseui:firebase-ui-auth:6.2.1] AndroidManifest.xml:29:13-76
141            android:exported="false"
141-->[com.firebaseui:firebase-ui-auth:6.2.1] AndroidManifest.xml:30:13-37
142            android:label=""
142-->[com.firebaseui:firebase-ui-auth:6.2.1] AndroidManifest.xml:31:13-29
143            android:theme="@style/FirebaseUI.Transparent" />
143-->[com.firebaseui:firebase-ui-auth:6.2.1] AndroidManifest.xml:32:13-58
144        <activity
144-->[com.firebaseui:firebase-ui-auth:6.2.1] AndroidManifest.xml:33:9-37:61
145            android:name="com.firebase.ui.auth.ui.credentials.CredentialSaveActivity"
145-->[com.firebaseui:firebase-ui-auth:6.2.1] AndroidManifest.xml:34:13-86
146            android:exported="false"
146-->[com.firebaseui:firebase-ui-auth:6.2.1] AndroidManifest.xml:35:13-37
147            android:label=""
147-->[com.firebaseui:firebase-ui-auth:6.2.1] AndroidManifest.xml:36:13-29
148            android:theme="@style/FirebaseUI.Transparent" />
148-->[com.firebaseui:firebase-ui-auth:6.2.1] AndroidManifest.xml:37:13-58
149        <activity
149-->[com.firebaseui:firebase-ui-auth:6.2.1] AndroidManifest.xml:38:9-42:58
150            android:name="com.firebase.ui.auth.ui.email.RecoverPasswordActivity"
150-->[com.firebaseui:firebase-ui-auth:6.2.1] AndroidManifest.xml:39:13-81
151            android:exported="false"
151-->[com.firebaseui:firebase-ui-auth:6.2.1] AndroidManifest.xml:40:13-37
152            android:label="@string/fui_title_recover_password_activity"
152-->[com.firebaseui:firebase-ui-auth:6.2.1] AndroidManifest.xml:41:13-72
153            android:windowSoftInputMode="adjustResize" />
153-->[com.firebaseui:firebase-ui-auth:6.2.1] AndroidManifest.xml:42:13-55
154        <activity
154-->[com.firebaseui:firebase-ui-auth:6.2.1] AndroidManifest.xml:43:9-47:58
155            android:name="com.firebase.ui.auth.ui.email.EmailActivity"
155-->[com.firebaseui:firebase-ui-auth:6.2.1] AndroidManifest.xml:44:13-71
156            android:exported="false"
156-->[com.firebaseui:firebase-ui-auth:6.2.1] AndroidManifest.xml:45:13-37
157            android:label="@string/fui_sign_in_default"
157-->[com.firebaseui:firebase-ui-auth:6.2.1] AndroidManifest.xml:46:13-56
158            android:windowSoftInputMode="adjustResize" />
158-->[com.firebaseui:firebase-ui-auth:6.2.1] AndroidManifest.xml:47:13-55
159        <activity
159-->[com.firebaseui:firebase-ui-auth:6.2.1] AndroidManifest.xml:48:9-52:77
160            android:name="com.firebase.ui.auth.ui.phone.PhoneActivity"
160-->[com.firebaseui:firebase-ui-auth:6.2.1] AndroidManifest.xml:49:13-71
161            android:exported="false"
161-->[com.firebaseui:firebase-ui-auth:6.2.1] AndroidManifest.xml:50:13-37
162            android:label="@string/fui_sign_in_with_phone_number"
162-->[com.firebaseui:firebase-ui-auth:6.2.1] AndroidManifest.xml:51:13-66
163            android:windowSoftInputMode="adjustResize|stateAlwaysVisible" />
163-->[com.firebaseui:firebase-ui-auth:6.2.1] AndroidManifest.xml:52:13-74
164        <activity
164-->[com.firebaseui:firebase-ui-auth:6.2.1] AndroidManifest.xml:53:9-57:58
165            android:name="com.firebase.ui.auth.ui.idp.WelcomeBackIdpPrompt"
165-->[com.firebaseui:firebase-ui-auth:6.2.1] AndroidManifest.xml:54:13-76
166            android:exported="false"
166-->[com.firebaseui:firebase-ui-auth:6.2.1] AndroidManifest.xml:55:13-37
167            android:label="@string/fui_title_welcome_back_idp_prompt"
167-->[com.firebaseui:firebase-ui-auth:6.2.1] AndroidManifest.xml:56:13-70
168            android:windowSoftInputMode="adjustResize" />
168-->[com.firebaseui:firebase-ui-auth:6.2.1] AndroidManifest.xml:57:13-55
169        <activity
169-->[com.firebaseui:firebase-ui-auth:6.2.1] AndroidManifest.xml:58:9-62:58
170            android:name="com.firebase.ui.auth.ui.email.WelcomeBackPasswordPrompt"
170-->[com.firebaseui:firebase-ui-auth:6.2.1] AndroidManifest.xml:59:13-83
171            android:exported="false"
171-->[com.firebaseui:firebase-ui-auth:6.2.1] AndroidManifest.xml:60:13-37
172            android:label="@string/fui_title_welcome_back_password_prompt"
172-->[com.firebaseui:firebase-ui-auth:6.2.1] AndroidManifest.xml:61:13-75
173            android:windowSoftInputMode="adjustResize" />
173-->[com.firebaseui:firebase-ui-auth:6.2.1] AndroidManifest.xml:62:13-55
174        <activity
174-->[com.firebaseui:firebase-ui-auth:6.2.1] AndroidManifest.xml:63:9-67:58
175            android:name="com.firebase.ui.auth.ui.email.WelcomeBackEmailLinkPrompt"
175-->[com.firebaseui:firebase-ui-auth:6.2.1] AndroidManifest.xml:64:13-84
176            android:exported="false"
176-->[com.firebaseui:firebase-ui-auth:6.2.1] AndroidManifest.xml:65:13-37
177            android:label="@string/fui_title_welcome_back_password_prompt"
177-->[com.firebaseui:firebase-ui-auth:6.2.1] AndroidManifest.xml:66:13-75
178            android:windowSoftInputMode="adjustResize" />
178-->[com.firebaseui:firebase-ui-auth:6.2.1] AndroidManifest.xml:67:13-55
179        <activity
179-->[com.firebaseui:firebase-ui-auth:6.2.1] AndroidManifest.xml:68:9-73:58
180            android:name="com.firebase.ui.auth.ui.email.EmailLinkCatcherActivity"
180-->[com.firebaseui:firebase-ui-auth:6.2.1] AndroidManifest.xml:69:13-82
181            android:exported="false"
181-->[com.firebaseui:firebase-ui-auth:6.2.1] AndroidManifest.xml:70:13-37
182            android:label=""
182-->[com.firebaseui:firebase-ui-auth:6.2.1] AndroidManifest.xml:71:13-29
183            android:theme="@style/FirebaseUI.Transparent"
183-->[com.firebaseui:firebase-ui-auth:6.2.1] AndroidManifest.xml:72:13-58
184            android:windowSoftInputMode="adjustResize" />
184-->[com.firebaseui:firebase-ui-auth:6.2.1] AndroidManifest.xml:73:13-55
185        <activity
185-->[com.firebaseui:firebase-ui-auth:6.2.1] AndroidManifest.xml:74:9-78:58
186            android:name="com.firebase.ui.auth.ui.email.EmailLinkErrorRecoveryActivity"
186-->[com.firebaseui:firebase-ui-auth:6.2.1] AndroidManifest.xml:75:13-88
187            android:exported="false"
187-->[com.firebaseui:firebase-ui-auth:6.2.1] AndroidManifest.xml:76:13-37
188            android:label="@string/fui_sign_in_default"
188-->[com.firebaseui:firebase-ui-auth:6.2.1] AndroidManifest.xml:77:13-56
189            android:windowSoftInputMode="adjustResize" />
189-->[com.firebaseui:firebase-ui-auth:6.2.1] AndroidManifest.xml:78:13-55
190        <activity
190-->[com.firebaseui:firebase-ui-auth:6.2.1] AndroidManifest.xml:79:9-82:65
191            android:name="com.firebase.ui.auth.ui.idp.AuthMethodPickerActivity"
191-->[com.firebaseui:firebase-ui-auth:6.2.1] AndroidManifest.xml:80:13-80
192            android:exported="false"
192-->[com.firebaseui:firebase-ui-auth:6.2.1] AndroidManifest.xml:81:13-37
193            android:label="@string/fui_default_toolbar_title" />
193-->[com.firebaseui:firebase-ui-auth:6.2.1] AndroidManifest.xml:82:13-62
194        <activity
194-->[com.firebaseui:firebase-ui-auth:6.2.1] AndroidManifest.xml:83:9-87:48
195            android:name="com.facebook.FacebookActivity"
195-->[com.firebaseui:firebase-ui-auth:6.2.1] AndroidManifest.xml:84:13-57
196            android:configChanges="keyboard|keyboardHidden|screenLayout|screenSize|orientation"
196-->[com.firebaseui:firebase-ui-auth:6.2.1] AndroidManifest.xml:85:13-96
197            android:label="@string/app_name" />
197-->[com.firebaseui:firebase-ui-auth:6.2.1] AndroidManifest.xml:86:13-45
198        <activity
198-->[com.firebaseui:firebase-ui-auth:6.2.1] AndroidManifest.xml:88:9-100:20
199            android:name="com.facebook.CustomTabActivity"
199-->[com.firebaseui:firebase-ui-auth:6.2.1] AndroidManifest.xml:89:13-58
200            android:exported="true" >
200-->[com.firebaseui:firebase-ui-auth:6.2.1] AndroidManifest.xml:90:13-36
201            <intent-filter>
201-->[com.firebaseui:firebase-ui-auth:6.2.1] AndroidManifest.xml:92:13-99:29
202                <action android:name="android.intent.action.VIEW" />
202-->src\main\AndroidManifest.xml:46:17-69
202-->src\main\AndroidManifest.xml:46:25-66
203
204                <category android:name="android.intent.category.DEFAULT" />
204-->src\main\AndroidManifest.xml:48:17-76
204-->src\main\AndroidManifest.xml:48:27-73
205                <category android:name="android.intent.category.BROWSABLE" />
205-->src\main\AndroidManifest.xml:49:17-78
205-->src\main\AndroidManifest.xml:49:27-75
206
207                <data android:scheme="@string/facebook_login_protocol_scheme" />
207-->src\main\AndroidManifest.xml:51:17-53:46
207-->src\main\AndroidManifest.xml:53:21-43
208            </intent-filter>
209        </activity>
210
211        <provider
211-->[com.firebaseui:firebase-ui-auth:6.2.1] AndroidManifest.xml:102:9-106:38
212            android:name="com.firebase.ui.auth.data.client.AuthUiInitProvider"
212-->[com.firebaseui:firebase-ui-auth:6.2.1] AndroidManifest.xml:103:13-79
213            android:authorities="aculix.meetly.app.authuiinitprovider"
213-->[com.firebaseui:firebase-ui-auth:6.2.1] AndroidManifest.xml:104:13-70
214            android:exported="false"
214-->[com.firebaseui:firebase-ui-auth:6.2.1] AndroidManifest.xml:105:13-37
215            android:initOrder="90" />
215-->[com.firebaseui:firebase-ui-auth:6.2.1] AndroidManifest.xml:106:13-35
216
217        <activity
217-->[org.jitsi.react:jitsi-meet-sdk:2.9.0] AndroidManifest.xml:35:9-42:20
218            android:name="org.jitsi.meet.sdk.JitsiMeetActivity"
218-->[org.jitsi.react:jitsi-meet-sdk:2.9.0] AndroidManifest.xml:36:13-64
219            android:configChanges="keyboard|keyboardHidden|orientation|screenLayout|screenSize|smallestScreenSize"
219-->[org.jitsi.react:jitsi-meet-sdk:2.9.0] AndroidManifest.xml:37:13-115
220            android:launchMode="singleTask"
220-->[org.jitsi.react:jitsi-meet-sdk:2.9.0] AndroidManifest.xml:38:13-44
221            android:resizeableActivity="true"
221-->[org.jitsi.react:jitsi-meet-sdk:2.9.0] AndroidManifest.xml:39:13-46
222            android:supportsPictureInPicture="true"
222-->[org.jitsi.react:jitsi-meet-sdk:2.9.0] AndroidManifest.xml:40:13-52
223            android:windowSoftInputMode="adjustResize" >
223-->[org.jitsi.react:jitsi-meet-sdk:2.9.0] AndroidManifest.xml:41:13-55
224        </activity>
225        <activity android:name="com.facebook.react.devsupport.DevSettingsActivity" />
225-->[org.jitsi.react:jitsi-meet-sdk:2.9.0] AndroidManifest.xml:43:9-86
225-->[org.jitsi.react:jitsi-meet-sdk:2.9.0] AndroidManifest.xml:43:19-83
226
227        <service
227-->[org.jitsi.react:jitsi-meet-sdk:2.9.0] AndroidManifest.xml:45:9-51:19
228            android:name="org.jitsi.meet.sdk.ConnectionService"
228-->[org.jitsi.react:jitsi-meet-sdk:2.9.0] AndroidManifest.xml:46:13-64
229            android:permission="android.permission.BIND_TELECOM_CONNECTION_SERVICE" >
229-->[org.jitsi.react:jitsi-meet-sdk:2.9.0] AndroidManifest.xml:47:13-84
230            <intent-filter>
230-->[org.jitsi.react:jitsi-meet-sdk:2.9.0] AndroidManifest.xml:48:13-50:29
231                <action android:name="android.telecom.ConnectionService" />
231-->[org.jitsi.react:jitsi-meet-sdk:2.9.0] AndroidManifest.xml:49:17-76
231-->[org.jitsi.react:jitsi-meet-sdk:2.9.0] AndroidManifest.xml:49:25-73
232            </intent-filter>
233        </service>
234        <service android:name="org.jitsi.meet.sdk.JitsiMeetOngoingConferenceService" />
234-->[org.jitsi.react:jitsi-meet-sdk:2.9.0] AndroidManifest.xml:52:9-88
234-->[org.jitsi.react:jitsi-meet-sdk:2.9.0] AndroidManifest.xml:52:18-85
235
236        <activity
236-->[com.google.android.gms:play-services-oss-licenses:17.0.0] AndroidManifest.xml:23:9-25:57
237            android:name="com.google.android.gms.oss.licenses.OssLicensesMenuActivity"
237-->[com.google.android.gms:play-services-oss-licenses:17.0.0] AndroidManifest.xml:24:13-87
238            android:label="@string/oss_license_title" />
238-->[com.google.android.gms:play-services-oss-licenses:17.0.0] AndroidManifest.xml:25:13-54
239        <activity android:name="com.google.android.gms.oss.licenses.OssLicensesActivity" />
239-->[com.google.android.gms:play-services-oss-licenses:17.0.0] AndroidManifest.xml:26:9-92
239-->[com.google.android.gms:play-services-oss-licenses:17.0.0] AndroidManifest.xml:26:19-89
240        <activity android:name="saschpe.android.customtabs.WebViewActivity" />
240-->[saschpe.android:customtabs:2.0.0] AndroidManifest.xml:28:9-79
240-->[saschpe.android:customtabs:2.0.0] AndroidManifest.xml:28:19-76
241
242        <meta-data
242-->[saschpe.android:customtabs:2.0.0] AndroidManifest.xml:30:9-32:36
243            android:name="android.webkit.WebView.MetricsOptOut"
243-->[saschpe.android:customtabs:2.0.0] AndroidManifest.xml:31:13-64
244            android:value="true" />
244-->[saschpe.android:customtabs:2.0.0] AndroidManifest.xml:32:13-33
245
246        <provider
246-->[com.facebook.react:react-native-webview:7.4.1-jitsi-4429568] AndroidManifest.xml:12:9-20:20
247            android:name="com.reactnativecommunity.webview.RNCWebViewFileProvider"
247-->[com.facebook.react:react-native-webview:7.4.1-jitsi-4429568] AndroidManifest.xml:13:13-83
248            android:authorities="aculix.meetly.app.fileprovider"
248-->[com.facebook.react:react-native-webview:7.4.1-jitsi-4429568] AndroidManifest.xml:14:13-64
249            android:exported="false"
249-->[com.facebook.react:react-native-webview:7.4.1-jitsi-4429568] AndroidManifest.xml:15:13-37
250            android:grantUriPermissions="true" >
250-->[com.facebook.react:react-native-webview:7.4.1-jitsi-4429568] AndroidManifest.xml:16:13-47
251            <meta-data